<?xml version="1.0" encoding="UTF-8"?>
<!-- Generated by org.testng.reporters.JUnitReportReporter -->
<testsuite hostname="MTVL1635b805f.local" failures="0" tests="3" name="com.samba.apitests.ApiTests" time="1.233" errors="0" timestamp="26 Apr 2019 06:30:01 GMT" skipped="0">
  <testcase classname="com.samba.apitests.ApiTests" name="testInvalidKey" time="0.460"/>
  <testcase classname="com.samba.apitests.ApiTests" name="testNoKey" time="0.360"/>
  <testcase classname="com.samba.apitests.ApiTests" name="testPositive" time="0.413"/>
</testsuite> <!-- com.samba.apitests.ApiTests -->
