<?xml version="1.0" encoding="UTF-8"?>
<!-- Generated by org.testng.reporters.JUnitReportReporter -->
<testsuite hostname="MTVL1635b805f.local" failures="0" tests="3" name="com.samba.uitests.UITests" time="8.924" errors="0" timestamp="26 Apr 2019 06:30:01 GMT" skipped="0">
  <testcase classname="com.samba.uitests.UITests" name="validate_Default_DropDown_entry" time="3.129"/>
  <testcase classname="com.samba.uitests.UITests" name="validate_show_entires" time="2.639"/>
  <testcase classname="com.samba.uitests.UITests" name="validate_link_page" time="3.156"/>
</testsuite> <!-- com.samba.uitests.UITests -->
