<?xml version="1.0" encoding="UTF-8"?>
<!-- Generated by org.testng.reporters.JUnitReportReporter -->
<testsuite hostname="MTVL1635b805f.local" failures="0" tests="1" name="testClassPackage.TestClass" time="9.136" errors="0" timestamp="26 Apr 2019 00:02:18 GMT">
  <testcase classname="testClassPackage.TestClass" name="validate_link_page" time="9.136"/>
</testsuite> <!-- testClassPackage.TestClass -->
